TN:
SF:script/DeployLocal.s.sol
DA:19,0
FN:19,MockIdentityRegistry.isVerified
FNDA:0,MockIdentityRegistry.isVerified
DA:20,0
FN:20,MockIdentityRegistry.verifiedUntil
FNDA:0,MockIdentityRegistry.verifiedUntil
DA:21,0
FN:21,MockIdentityRegistry.paused
FNDA:0,MockIdentityRegistry.paused
DA:63,0
FN:63,DeployLocal.run
FNDA:0,DeployLocal.run
DA:64,0
DA:66,0
DA:67,0
DA:68,0
DA:73,0
DA:74,0
DA:76,0
BRDA:76,0,0,-
BRDA:76,0,1,-
DA:77,0
DA:78,0
DA:80,0
DA:83,0
BRDA:83,1,0,-
BRDA:83,1,1,-
DA:84,0
DA:85,0
DA:87,0
DA:91,0
DA:94,0
DA:101,0
DA:102,0
DA:106,0
DA:107,0
DA:108,0
DA:109,0
DA:110,0
DA:111,0
DA:112,0
DA:118,0
DA:124,0
DA:125,0
DA:126,0
DA:127,0
DA:128,0
DA:129,0
BRDA:129,2,0,-
DA:130,0
DA:131,0
DA:133,0
BRDA:133,3,0,-
DA:134,0
DA:135,0
DA:141,0
DA:142,0
DA:145,0
DA:146,0
DA:150,0
DA:151,0
BRDA:151,4,0,-
BRDA:151,4,1,-
DA:152,0
DA:153,0
DA:155,0
DA:158,0
DA:159,0
BRDA:159,5,0,-
BRDA:159,5,1,-
DA:160,0
DA:161,0
DA:163,0
DA:165,0
DA:181,0
DA:186,0
DA:187,0
DA:189,0
DA:191,0
DA:192,0
DA:193,0
DA:194,0
DA:195,0
DA:200,0
DA:201,0
DA:202,0
DA:203,0
DA:204,0
DA:205,0
DA:206,0
DA:209,0
DA:210,0
DA:213,0
FN:213,DeployLocal._printSummary
FNDA:0,DeployLocal._printSummary
DA:214,0
DA:215,0
DA:216,0
DA:217,0
DA:218,0
DA:219,0
DA:220,0
DA:221,0
DA:222,0
DA:223,0
DA:224,0
DA:225,0
DA:226,0
DA:230,0
BRDA:230,6,0,-
DA:231,0
DA:233,0
BRDA:233,7,0,-
DA:238,0
DA:240,0
DA:241,0
DA:242,0
DA:243,0
DA:244,0
DA:245,0
DA:246,0
DA:247,0
DA:248,0
DA:249,0
DA:256,0
FN:256,DeployLocal._printSanctionsAndVerifiers
FNDA:0,DeployLocal._printSanctionsAndVerifiers
DA:261,0
DA:266,0
DA:267,0
DA:268,0
DA:273,0
FN:273,DeployLocal._tonEntry
FNDA:0,DeployLocal._tonEntry
DA:274,0
DA:275,0
DA:288,0
FN:288,DeployLocal._resolveUpgradeOwner
FNDA:0,DeployLocal._resolveUpgradeOwner
DA:289,0
DA:290,0
BRDA:290,8,0,-
BRDA:290,8,1,-
DA:291,0
DA:295,0
DA:296,0
BRDA:296,9,0,-
BRDA:296,9,1,-
DA:304,0
DA:305,0
DA:306,0
DA:307,0
DA:308,0
DA:310,0
DA:312,0
DA:333,0
FN:333,DeployLocal._deployAndWireSanctionsList
FNDA:0,DeployLocal._deployAndWireSanctionsList
DA:334,0
DA:335,0
DA:336,0
DA:337,0
DA:338,0
DA:339,0
DA:340,0
DA:341,0
DA:347,0
DA:348,0
BRDA:348,10,0,-
DA:349,0
DA:350,0
DA:357,0
FN:357,DeployLocal._deployFeeVaultProxy
FNDA:0,DeployLocal._deployFeeVaultProxy
DA:358,0
DA:359,0
DA:360,0
DA:361,0
DA:362,0
DA:363,0
DA:366,0
FN:366,DeployLocal._deployIdentityGateProxy
FNDA:0,DeployLocal._deployIdentityGateProxy
DA:367,0
DA:368,0
DA:369,0
DA:370,0
DA:371,0
DA:372,0
DA:375,0
FN:375,DeployLocal._deployPrivateSettlementProxy
FNDA:0,DeployLocal._deployPrivateSettlementProxy
DA:379,0
DA:380,0
DA:381,0
DA:382,0
DA:383,0
DA:384,0
DA:385,0
DA:386,0
DA:389,0
FN:389,DeployLocal._deployCommitmentPoolProxy
FNDA:0,DeployLocal._deployCommitmentPoolProxy
DA:393,0
DA:394,0
DA:395,0
DA:398,0
DA:399,0
DA:400,0
DA:401,0
DA:404,0
FN:404,DeployLocal._deployRelayerRegistryProxy
FNDA:0,DeployLocal._deployRelayerRegistryProxy
DA:408,0
DA:409,0
DA:410,0
DA:411,0
DA:412,0
DA:413,0
DA:414,0
DA:417,0
FN:417,DeployLocal._deployCode
FNDA:0,DeployLocal._deployCode
DA:418,0
DA:424,0
BRDA:424,11,0,-
BRDA:424,11,1,-
DA:426,0
DA:428,0
BRDA:428,12,0,-
BRDA:428,12,1,-
DA:433,0
FN:433,DeployLocal._deployOrPickTokens
FNDA:0,DeployLocal._deployOrPickTokens
DA:437,0
BRDA:437,13,0,-
BRDA:437,13,1,-
DA:438,0
DA:439,0
DA:440,0
DA:441,0
DA:442,0
BRDA:442,14,0,-
BRDA:442,14,1,-
DA:443,0
BRDA:443,15,0,-
BRDA:443,15,1,-
DA:444,0
BRDA:444,16,0,-
BRDA:444,16,1,-
DA:445,0
BRDA:445,17,0,-
BRDA:445,17,1,-
DA:446,0
DA:447,0
DA:448,0
DA:449,0
DA:450,0
DA:456,0
DA:457,0
DA:458,0
DA:459,0
DA:460,0
DA:461,0
DA:462,0
DA:463,0
DA:464,0
DA:465,0
DA:466,0
DA:467,0
DA:473,0
DA:480,0
DA:481,0
DA:482,0
DA:483,0
DA:485,0
DA:491,0
FN:491,DeployLocal._deployZkCore
FNDA:0,DeployLocal._deployZkCore
DA:495,0
DA:496,0
DA:497,0
DA:498,0
DA:499,0
DA:500,0
DA:501,0
DA:502,0
DA:503,0
DA:504,0
DA:505,0
DA:506,0
DA:507,0
DA:508,0
DA:509,0
DA:510,0
DA:511,0
DA:512,0
DA:513,0
DA:514,0
DA:515,0
DA:517,0
DA:519,0
DA:529,0
DA:530,0
DA:531,0
DA:532,0
DA:533,0
DA:534,0
DA:535,0
DA:542,0
DA:543,0
DA:544,0
FNF:17
FNH:0
LF:247
LH:0
BRF:31
BRH:0
end_of_record
TN:
SF:script/DeployTestTokens.s.sol
DA:14,0
FN:14,MockToken.constructor
FNDA:0,MockToken.constructor
DA:17,0
DA:19,0
FN:19,MockToken.decimals
FNDA:0,MockToken.decimals
DA:20,0
DA:22,0
FN:22,MockToken.mint
FNDA:0,MockToken.mint
DA:28,0
FN:28,DeployTestTokens.run
FNDA:0,DeployTestTokens.run
DA:29,0
DA:31,0
DA:32,0
DA:35,0
DA:36,0
DA:38,0
DA:39,0
DA:40,0
DA:41,0
DA:43,0
DA:45,0
DA:46,0
FNF:4
FNH:0
LF:18
LH:0
BRF:0
BRH:0
end_of_record
TN:
SF:src/BatchExecutor.sol
DA:54,9
FN:54,BatchExecutor.execute
FNDA:9,BatchExecutor.execute
DA:55,9
BRDA:55,0,0,1
DA:57,8
DA:58,8
DA:59,8
BRDA:59,1,0,1
DA:60,7
BRDA:60,2,0,1
DA:61,6
BRDA:61,3,0,2
DA:66,4
DA:68,4
DA:69,5
DA:70,5
BRDA:70,4,0,1
DA:77,1
FN:77,BatchExecutor.batchMode
FNDA:1,BatchExecutor.batchMode
DA:80,1
FNF:2
FNH:2
LF:13
LH:13
BRF:5
BRH:5
end_of_record
TN:
SF:src/FeeVault.sol
DA:78,65
FN:78,FeeVault.constructor
FNDA:65,FeeVault.constructor
DA:79,65
DA:82,64
FN:82,FeeVault.initialize
FNDA:64,FeeVault.initialize
DA:83,62
BRDA:83,0,0,-
DA:84,62
BRDA:84,1,0,-
DA:85,62
DA:86,62
DA:87,62
DA:88,62
DA:89,62
DA:92,1
FN:92,FeeVault.renounceOwnership
FNDA:1,FeeVault.renounceOwnership
DA:100,21
FN:100,FeeVault.deposit
FNDA:21,FeeVault.deposit
DA:101,21
BRDA:101,2,0,-
DA:102,21
BRDA:102,3,0,-
DA:103,21
BRDA:103,4,0,21
DA:105,21
DA:106,21
DA:107,21
DA:109,20
DA:115,8
FN:115,FeeVault.accrueDexFee
FNDA:8,FeeVault.accrueDexFee
DA:116,8
DA:117,5
BRDA:117,5,0,4
DA:123,24
FN:123,FeeVault.accrueDexSurplus
FNDA:24,FeeVault.accrueDexSurplus
DA:124,24
DA:125,19
BRDA:125,6,0,18
DA:132,32
FN:132,FeeVault._accruePlatformRevenue
FNDA:32,FeeVault._accruePlatformRevenue
DA:133,32
BRDA:133,7,0,4
DA:134,28
BRDA:134,8,0,2
DA:135,26
BRDA:135,9,0,26
DA:137,24
DA:138,24
DA:143,45
FN:143,FeeVault._assertBalanceBacked
FNDA:45,FeeVault._assertBalanceBacked
DA:144,45
BRDA:144,10,0,3
DA:145,3
DA:152,11
FN:152,FeeVault.withdrawPlatformRevenue
FNDA:11,FeeVault.withdrawPlatformRevenue
DA:153,10
BRDA:153,11,0,2
DA:154,8
BRDA:154,12,0,1
DA:155,7
DA:156,7
BRDA:156,13,0,1
DA:158,6
DA:159,6
DA:161,5
DA:167,6
FN:167,FeeVault.claim
FNDA:6,FeeVault.claim
DA:168,6
BRDA:168,14,0,-
DA:169,6
DA:170,6
BRDA:170,15,0,-
DA:172,6
DA:173,6
DA:175,6
DA:176,6
DA:178,6
BRDA:178,16,0,4
DA:179,4
DA:180,4
DA:182,6
BRDA:182,17,0,6
DA:183,6
DA:186,6
DA:192,61
FN:192,FeeVault.setAuthorizedDepositor
FNDA:61,FeeVault.setAuthorizedDepositor
DA:193,61
BRDA:193,18,0,-
DA:194,61
DA:195,61
DA:201,14
FN:201,FeeVault.scheduleFeeChange
FNDA:14,FeeVault.scheduleFeeChange
DA:202,13
BRDA:202,19,0,1
DA:203,12
DA:204,12
DA:205,12
DA:209,7
FN:209,FeeVault.applyFeeChange
FNDA:7,FeeVault.applyFeeChange
DA:210,7
BRDA:210,20,0,1
DA:211,6
BRDA:211,21,0,1
DA:212,5
DA:213,5
DA:214,5
DA:215,5
DA:219,3
FN:219,FeeVault.cancelFeeChange
FNDA:3,FeeVault.cancelFeeChange
DA:220,3
BRDA:220,22,0,1
DA:221,2
DA:222,2
DA:223,2
DA:227,1
FN:227,FeeVault.setTreasury
FNDA:1,FeeVault.setTreasury
DA:228,1
BRDA:228,23,0,-
DA:229,1
DA:230,1
FNF:15
FNH:15
LF:81
LH:81
BRF:24
BRH:16
end_of_record
TN:
SF:src/IdentityGate.sol
DA:38,30
FN:38,IdentityGate.constructor
FNDA:30,IdentityGate.constructor
DA:39,30
DA:42,30
FN:42,IdentityGate.initialize
FNDA:30,IdentityGate.initialize
DA:46,28
BRDA:46,0,0,2
DA:47,26
DA:48,26
DA:49,26
DA:50,26
DA:51,26
DA:55,2
FN:55,IdentityGate.renounceOwnership
FNDA:2,IdentityGate.renounceOwnership
DA:56,2
DA:61,21
FN:61,IdentityGate.addRegistry
FNDA:21,IdentityGate.addRegistry
DA:62,20
BRDA:62,1,0,1
DA:63,1
BRDA:63,2,0,1
DA:64,18
BRDA:64,3,0,1
DA:65,17
DA:66,17
DA:67,17
DA:70,3
FN:70,IdentityGate.removeRegistry
FNDA:3,IdentityGate.removeRegistry
DA:71,3
BRDA:71,4,0,1
DA:72,2
DA:73,2
BRDA:73,5,0,1
DA:76,1
DA:77,1
BRDA:77,6,0,1
DA:78,1
DA:79,1
DA:80,1
DA:81,1
DA:82,1
DA:84,0
DA:87,0
DA:90,6
FN:90,IdentityGate.getRegistryCount
FNDA:6,IdentityGate.getRegistryCount
DA:91,6
DA:94,1
FN:94,IdentityGate.getRegistries
FNDA:1,IdentityGate.getRegistries
DA:95,1
DA:96,1
DA:97,1
DA:98,2
DA:99,2
DA:101,1
DA:108,13
FN:108,IdentityGate.isVerified
FNDA:13,IdentityGate.isVerified
DA:109,13
DA:110,13
DA:111,17
BRDA:111,7,0,17
DA:112,7
BRDA:112,8,0,7
DA:116,10
DA:118,6
DA:123,3
FN:123,IdentityGate.verifiedUntil
FNDA:3,IdentityGate.verifiedUntil
DA:124,3
DA:125,3
DA:126,3
DA:127,4
BRDA:127,9,0,4
DA:128,4
BRDA:128,10,0,3
DA:130,4
DA:132,3
DA:140,2
FN:140,IdentityGate.paused
FNDA:2,IdentityGate.paused
DA:141,2
DA:142,2
DA:143,3
BRDA:143,11,0,3
DA:144,1
BRDA:144,12,0,1
DA:146,2
DA:148,1
FNF:10
FNH:10
LF:62
LH:60
BRF:13
BRH:13
end_of_record
TN:
SF:src/RelayerRegistry.sol
DA:90,1
FN:90,RelayerRegistry.renounceOwnership
FNDA:1,RelayerRegistry.renounceOwnership
DA:91,1
DA:95,3
FN:95,RelayerRegistry.transferOwnership
FNDA:3,RelayerRegistry.transferOwnership
DA:96,3
BRDA:96,0,0,1
DA:97,2
DA:101,46
FN:101,RelayerRegistry.constructor
FNDA:46,RelayerRegistry.constructor
DA:102,46
DA:106,46
FN:106,RelayerRegistry.initialize
FNDA:46,RelayerRegistry.initialize
DA:110,44
BRDA:110,1,0,-
DA:111,44
BRDA:111,2,0,1
DA:112,43
BRDA:112,3,0,1
DA:113,42
DA:114,42
DA:115,42
DA:116,42
DA:117,42
DA:118,42
DA:125,30
FN:125,RelayerRegistry.register
FNDA:30,RelayerRegistry.register
DA:126,1
BRDA:126,4,0,1
DA:127,28
BRDA:127,5,0,1
DA:128,27
BRDA:128,6,0,1
DA:130,26
DA:131,25
BRDA:131,7,0,2
DA:133,23
DA:144,23
BRDA:144,8,0,23
DA:145,23
DA:146,23
DA:149,23
DA:156,4
FN:156,RelayerRegistry.addBond
FNDA:4,RelayerRegistry.addBond
DA:157,4
DA:158,4
BRDA:158,9,0,-
DA:160,4
DA:161,3
BRDA:161,10,0,1
DA:162,2
DA:164,2
DA:167,4
FN:167,RelayerRegistry.updateInfo
FNDA:4,RelayerRegistry.updateInfo
DA:168,4
DA:169,4
BRDA:169,11,0,-
DA:170,4
BRDA:170,12,0,1
DA:171,3
BRDA:171,13,0,1
DA:173,2
DA:174,2
DA:175,2
DA:177,2
DA:182,8
FN:182,RelayerRegistry.requestExit
FNDA:8,RelayerRegistry.requestExit
DA:183,8
DA:184,8
BRDA:184,14,0,1
DA:185,7
BRDA:185,15,0,1
DA:187,6
DA:189,6
DA:192,4
FN:192,RelayerRegistry.executeExit
FNDA:4,RelayerRegistry.executeExit
DA:193,4
DA:194,4
BRDA:194,16,0,-
DA:195,4
BRDA:195,17,0,-
DA:196,4
BRDA:196,18,0,1
DA:198,3
DA:199,3
DA:200,3
DA:202,3
DA:204,2
DA:213,30
FN:213,RelayerRegistry._pullBond
FNDA:30,RelayerRegistry._pullBond
DA:216,30
DA:217,30
BRDA:217,19,0,21
DA:219,21
BRDA:219,20,0,-
DA:220,21
DA:223,9
BRDA:223,21,0,2
DA:224,7
BRDA:224,22,0,6
DA:225,6
DA:227,7
DA:231,3
FN:231,RelayerRegistry._pushBond
FNDA:3,RelayerRegistry._pushBond
DA:232,3
BRDA:232,23,0,3
DA:233,3
DA:234,3
BRDA:234,24,0,2
BRDA:234,24,1,1
DA:235,2
DA:236,2
BRDA:236,25,0,1
DA:238,1
DA:244,1
FN:244,RelayerRegistry.getFee
FNDA:1,RelayerRegistry.getFee
DA:245,1
DA:248,10
FN:248,RelayerRegistry.isActiveRelayer
FNDA:10,RelayerRegistry.isActiveRelayer
DA:249,10
DA:250,10
DA:254,1
FN:254,RelayerRegistry.getSettlementInfo
FNDA:1,RelayerRegistry.getSettlementInfo
DA:255,1
DA:256,1
DA:259,2
FN:259,RelayerRegistry.getRelayerCount
FNDA:2,RelayerRegistry.getRelayerCount
DA:260,2
DA:263,3
FN:263,RelayerRegistry.getActiveRelayers
FNDA:3,RelayerRegistry.getActiveRelayers
DA:264,3
DA:265,3
DA:266,3
DA:267,4
DA:268,4
BRDA:268,26,0,3
DA:269,3
DA:271,4
DA:274,3
DA:275,3
DA:276,3
DA:277,4
DA:278,4
DA:279,4
BRDA:279,27,0,3
DA:280,3
DA:281,3
DA:283,4
DA:285,3
DA:290,2
FN:290,RelayerRegistry.setTreasury
FNDA:2,RelayerRegistry.setTreasury
DA:291,1
BRDA:291,28,0,-
DA:292,1
DA:293,1
DA:298,4
FN:298,RelayerRegistry.setMinBond
FNDA:4,RelayerRegistry.setMinBond
DA:299,3
DA:300,3
FNF:18
FNH:18
LF:111
LH:111
BRF:30
BRH:23
end_of_record
TN:
SF:src/SanctionsList.sol
DA:42,33
FN:42,SanctionsList.constructor
FNDA:33,SanctionsList.constructor
DA:43,33
DA:46,33
FN:46,SanctionsList.initialize
FNDA:33,SanctionsList.initialize
DA:47,31
BRDA:47,0,0,-
DA:48,31
DA:49,31
DA:52,1
FN:52,SanctionsList.renounceOwnership
FNDA:1,SanctionsList.renounceOwnership
DA:53,1
DA:63,29
FN:63,SanctionsList.isSanctioned
FNDA:29,SanctionsList.isSanctioned
DA:64,15
BRDA:64,1,0,15
DA:65,14
DA:66,14
BRDA:66,2,0,9
DA:67,5
BRDA:67,3,0,5
DA:68,4
DA:69,1
BRDA:69,3,1,1
DA:70,1
DA:78,10
FN:78,SanctionsList.setExternalOracle
FNDA:10,SanctionsList.setExternalOracle
DA:79,9
BRDA:79,4,0,1
DA:80,8
DA:81,8
BRDA:81,5,0,1
DA:82,7
DA:83,7
DA:87,33
FN:87,SanctionsList.addSanction
FNDA:33,SanctionsList.addSanction
DA:88,32
BRDA:88,6,0,1
DA:89,1
BRDA:89,7,0,1
DA:90,30
DA:91,30
DA:95,3
FN:95,SanctionsList.removeSanction
FNDA:3,SanctionsList.removeSanction
DA:96,3
BRDA:96,8,0,1
DA:97,2
DA:98,2
DA:104,4
FN:104,SanctionsList.addSanctionsBatch
FNDA:4,SanctionsList.addSanctionsBatch
DA:105,4
DA:106,4
BRDA:106,9,0,1
DA:107,3
DA:108,8
DA:109,8
BRDA:109,10,0,6
DA:110,6
DA:111,6
DA:113,8
DA:118,2
FN:118,SanctionsList.removeSanctionsBatch
FNDA:2,SanctionsList.removeSanctionsBatch
DA:119,2
DA:120,2
BRDA:120,11,0,1
DA:121,1
DA:122,3
DA:123,2
BRDA:123,12,0,2
DA:124,2
DA:125,2
DA:127,3
FNF:9
FNH:9
LF:49
LH:49
BRF:14
BRH:13
end_of_record
TN:
SF:src/zk/AuthorizeVerifier.sol
DA:101,0
FN:101,Groth16Verifier.verifyProof
FNDA:0,Groth16Verifier.verifyProof
DA:103,0
FN:103,Groth16Verifier.checkField
FNDA:0,Groth16Verifier.checkField
DA:104,0
BRDA:104,0,0,-
DA:105,0
DA:106,0
DA:111,0
FN:111,Groth16Verifier.g1_mulAccC
FNDA:0,Groth16Verifier.g1_mulAccC
DA:112,0
DA:113,0
DA:114,0
DA:115,0
DA:116,0
DA:118,0
DA:120,0
BRDA:120,1,0,-
DA:121,0
DA:122,0
DA:125,0
DA:126,0
DA:128,0
DA:130,0
BRDA:130,2,0,-
DA:131,0
DA:132,0
DA:136,0
FN:136,Groth16Verifier.checkPairing
FNDA:0,Groth16Verifier.checkPairing
DA:137,0
DA:138,0
DA:140,0
DA:141,0
DA:145,0
DA:147,0
DA:149,0
DA:151,0
DA:153,0
DA:155,0
DA:157,0
DA:159,0
DA:161,0
DA:163,0
DA:165,0
DA:167,0
DA:169,0
DA:171,0
DA:173,0
DA:177,0
DA:178,0
DA:181,0
DA:182,0
DA:183,0
DA:184,0
DA:187,0
DA:188,0
DA:191,0
DA:192,0
DA:193,0
DA:194,0
DA:197,0
DA:198,0
DA:202,0
DA:203,0
DA:204,0
DA:205,0
DA:208,0
DA:209,0
DA:212,0
DA:213,0
DA:214,0
DA:215,0
DA:218,0
DA:220,0
DA:223,0
DA:224,0
DA:228,0
DA:230,0
DA:232,0
DA:234,0
DA:236,0
DA:238,0
DA:240,0
DA:242,0
DA:244,0
DA:246,0
DA:248,0
DA:250,0
DA:252,0
DA:254,0
DA:256,0
DA:260,0
DA:262,0
DA:263,0
FNF:4
FNH:0
LF:87
LH:0
BRF:3
BRH:0
end_of_record
TN:
SF:src/zk/AuthorizeVerifier_128.sol
DA:101,0
FN:101,Groth16Verifier.verifyProof
FNDA:0,Groth16Verifier.verifyProof
DA:103,0
FN:103,Groth16Verifier.checkField
FNDA:0,Groth16Verifier.checkField
DA:104,0
BRDA:104,0,0,-
DA:105,0
DA:106,0
DA:111,0
FN:111,Groth16Verifier.g1_mulAccC
FNDA:0,Groth16Verifier.g1_mulAccC
DA:112,0
DA:113,0
DA:114,0
DA:115,0
DA:116,0
DA:118,0
DA:120,0
BRDA:120,1,0,-
DA:121,0
DA:122,0
DA:125,0
DA:126,0
DA:128,0
DA:130,0
BRDA:130,2,0,-
DA:131,0
DA:132,0
DA:136,0
FN:136,Groth16Verifier.checkPairing
FNDA:0,Groth16Verifier.checkPairing
DA:137,0
DA:138,0
DA:140,0
DA:141,0
DA:145,0
DA:147,0
DA:149,0
DA:151,0
DA:153,0
DA:155,0
DA:157,0
DA:159,0
DA:161,0
DA:163,0
DA:165,0
DA:167,0
DA:169,0
DA:171,0
DA:173,0
DA:177,0
DA:178,0
DA:181,0
DA:182,0
DA:183,0
DA:184,0
DA:187,0
DA:188,0
DA:191,0
DA:192,0
DA:193,0
DA:194,0
DA:197,0
DA:198,0
DA:202,0
DA:203,0
DA:204,0
DA:205,0
DA:208,0
DA:209,0
DA:212,0
DA:213,0
DA:214,0
DA:215,0
DA:218,0
DA:220,0
DA:223,0
DA:224,0
DA:228,0
DA:230,0
DA:232,0
DA:234,0
DA:236,0
DA:238,0
DA:240,0
DA:242,0
DA:244,0
DA:246,0
DA:248,0
DA:250,0
DA:252,0
DA:254,0
DA:256,0
DA:260,0
DA:262,0
DA:263,0
FNF:4
FNH:0
LF:87
LH:0
BRF:3
BRH:0
end_of_record
TN:
SF:src/zk/AuthorizeVerifier_64.sol
DA:101,0
FN:101,Groth16Verifier.verifyProof
FNDA:0,Groth16Verifier.verifyProof
DA:103,0
FN:103,Groth16Verifier.checkField
FNDA:0,Groth16Verifier.checkField
DA:104,0
BRDA:104,0,0,-
DA:105,0
DA:106,0
DA:111,0
FN:111,Groth16Verifier.g1_mulAccC
FNDA:0,Groth16Verifier.g1_mulAccC
DA:112,0
DA:113,0
DA:114,0
DA:115,0
DA:116,0
DA:118,0
DA:120,0
BRDA:120,1,0,-
DA:121,0
DA:122,0
DA:125,0
DA:126,0
DA:128,0
DA:130,0
BRDA:130,2,0,-
DA:131,0
DA:132,0
DA:136,0
FN:136,Groth16Verifier.checkPairing
FNDA:0,Groth16Verifier.checkPairing
DA:137,0
DA:138,0
DA:140,0
DA:141,0
DA:145,0
DA:147,0
DA:149,0
DA:151,0
DA:153,0
DA:155,0
DA:157,0
DA:159,0
DA:161,0
DA:163,0
DA:165,0
DA:167,0
DA:169,0
DA:171,0
DA:173,0
DA:177,0
DA:178,0
DA:181,0
DA:182,0
DA:183,0
DA:184,0
DA:187,0
DA:188,0
DA:191,0
DA:192,0
DA:193,0
DA:194,0
DA:197,0
DA:198,0
DA:202,0
DA:203,0
DA:204,0
DA:205,0
DA:208,0
DA:209,0
DA:212,0
DA:213,0
DA:214,0
DA:215,0
DA:218,0
DA:220,0
DA:223,0
DA:224,0
DA:228,0
DA:230,0
DA:232,0
DA:234,0
DA:236,0
DA:238,0
DA:240,0
DA:242,0
DA:244,0
DA:246,0
DA:248,0
DA:250,0
DA:252,0
DA:254,0
DA:256,0
DA:260,0
DA:262,0
DA:263,0
FNF:4
FNH:0
LF:87
LH:0
BRF:3
BRH:0
end_of_record
TN:
SF:src/zk/CancelVerifier.sol
DA:71,0
FN:71,Groth16Verifier.verifyProof
FNDA:0,Groth16Verifier.verifyProof
DA:73,0
FN:73,Groth16Verifier.checkField
FNDA:0,Groth16Verifier.checkField
DA:74,0
BRDA:74,0,0,-
DA:75,0
DA:76,0
DA:81,0
FN:81,Groth16Verifier.g1_mulAccC
FNDA:0,Groth16Verifier.g1_mulAccC
DA:82,0
DA:83,0
DA:84,0
DA:85,0
DA:86,0
DA:88,0
DA:90,0
BRDA:90,1,0,-
DA:91,0
DA:92,0
DA:95,0
DA:96,0
DA:98,0
DA:100,0
BRDA:100,2,0,-
DA:101,0
DA:102,0
DA:106,0
FN:106,Groth16Verifier.checkPairing
FNDA:0,Groth16Verifier.checkPairing
DA:107,0
DA:108,0
DA:110,0
DA:111,0
DA:115,0
DA:117,0
DA:119,0
DA:121,0
DA:123,0
DA:127,0
DA:128,0
DA:131,0
DA:132,0
DA:133,0
DA:134,0
DA:137,0
DA:138,0
DA:141,0
DA:142,0
DA:143,0
DA:144,0
DA:147,0
DA:148,0
DA:152,0
DA:153,0
DA:154,0
DA:155,0
DA:158,0
DA:159,0
DA:162,0
DA:163,0
DA:164,0
DA:165,0
DA:168,0
DA:170,0
DA:173,0
DA:174,0
DA:178,0
DA:180,0
DA:182,0
DA:184,0
DA:186,0
DA:190,0
DA:192,0
DA:193,0
FNF:4
FNH:0
LF:67
LH:0
BRF:3
BRH:0
end_of_record
TN:
SF:src/zk/ClaimVerifier.sol
DA:74,0
FN:74,Groth16Verifier.verifyProof
FNDA:0,Groth16Verifier.verifyProof
DA:76,0
FN:76,Groth16Verifier.checkField
FNDA:0,Groth16Verifier.checkField
DA:77,0
BRDA:77,0,0,-
DA:78,0
DA:79,0
DA:84,0
FN:84,Groth16Verifier.g1_mulAccC
FNDA:0,Groth16Verifier.g1_mulAccC
DA:85,0
DA:86,0
DA:87,0
DA:88,0
DA:89,0
DA:91,0
DA:93,0
BRDA:93,1,0,-
DA:94,0
DA:95,0
DA:98,0
DA:99,0
DA:101,0
DA:103,0
BRDA:103,2,0,-
DA:104,0
DA:105,0
DA:109,0
FN:109,Groth16Verifier.checkPairing
FNDA:0,Groth16Verifier.checkPairing
DA:110,0
DA:111,0
DA:113,0
DA:114,0
DA:118,0
DA:120,0
DA:122,0
DA:124,0
DA:126,0
DA:128,0
DA:132,0
DA:133,0
DA:136,0
DA:137,0
DA:138,0
DA:139,0
DA:142,0
DA:143,0
DA:146,0
DA:147,0
DA:148,0
DA:149,0
DA:152,0
DA:153,0
DA:157,0
DA:158,0
DA:159,0
DA:160,0
DA:163,0
DA:164,0
DA:167,0
DA:168,0
DA:169,0
DA:170,0
DA:173,0
DA:175,0
DA:178,0
DA:179,0
DA:183,0
DA:185,0
DA:187,0
DA:189,0
DA:191,0
DA:193,0
DA:197,0
DA:199,0
DA:200,0
FNF:4
FNH:0
LF:69
LH:0
BRF:3
BRH:0
end_of_record
TN:
SF:src/zk/ClaimVerifier_128.sol
DA:74,0
FN:74,Groth16Verifier.verifyProof
FNDA:0,Groth16Verifier.verifyProof
DA:76,0
FN:76,Groth16Verifier.checkField
FNDA:0,Groth16Verifier.checkField
DA:77,0
BRDA:77,0,0,-
DA:78,0
DA:79,0
DA:84,0
FN:84,Groth16Verifier.g1_mulAccC
FNDA:0,Groth16Verifier.g1_mulAccC
DA:85,0
DA:86,0
DA:87,0
DA:88,0
DA:89,0
DA:91,0
DA:93,0
BRDA:93,1,0,-
DA:94,0
DA:95,0
DA:98,0
DA:99,0
DA:101,0
DA:103,0
BRDA:103,2,0,-
DA:104,0
DA:105,0
DA:109,0
FN:109,Groth16Verifier.checkPairing
FNDA:0,Groth16Verifier.checkPairing
DA:110,0
DA:111,0
DA:113,0
DA:114,0
DA:118,0
DA:120,0
DA:122,0
DA:124,0
DA:126,0
DA:128,0
DA:132,0
DA:133,0
DA:136,0
DA:137,0
DA:138,0
DA:139,0
DA:142,0
DA:143,0
DA:146,0
DA:147,0
DA:148,0
DA:149,0
DA:152,0
DA:153,0
DA:157,0
DA:158,0
DA:159,0
DA:160,0
DA:163,0
DA:164,0
DA:167,0
DA:168,0
DA:169,0
DA:170,0
DA:173,0
DA:175,0
DA:178,0
DA:179,0
DA:183,0
DA:185,0
DA:187,0
DA:189,0
DA:191,0
DA:193,0
DA:197,0
DA:199,0
DA:200,0
FNF:4
FNH:0
LF:69
LH:0
BRF:3
BRH:0
end_of_record
TN:
SF:src/zk/ClaimVerifier_64.sol
DA:74,0
FN:74,Groth16Verifier.verifyProof
FNDA:0,Groth16Verifier.verifyProof
DA:76,0
FN:76,Groth16Verifier.checkField
FNDA:0,Groth16Verifier.checkField
DA:77,0
BRDA:77,0,0,-
DA:78,0
DA:79,0
DA:84,0
FN:84,Groth16Verifier.g1_mulAccC
FNDA:0,Groth16Verifier.g1_mulAccC
DA:85,0
DA:86,0
DA:87,0
DA:88,0
DA:89,0
DA:91,0
DA:93,0
BRDA:93,1,0,-
DA:94,0
DA:95,0
DA:98,0
DA:99,0
DA:101,0
DA:103,0
BRDA:103,2,0,-
DA:104,0
DA:105,0
DA:109,0
FN:109,Groth16Verifier.checkPairing
FNDA:0,Groth16Verifier.checkPairing
DA:110,0
DA:111,0
DA:113,0
DA:114,0
DA:118,0
DA:120,0
DA:122,0
DA:124,0
DA:126,0
DA:128,0
DA:132,0
DA:133,0
DA:136,0
DA:137,0
DA:138,0
DA:139,0
DA:142,0
DA:143,0
DA:146,0
DA:147,0
DA:148,0
DA:149,0
DA:152,0
DA:153,0
DA:157,0
DA:158,0
DA:159,0
DA:160,0
DA:163,0
DA:164,0
DA:167,0
DA:168,0
DA:169,0
DA:170,0
DA:173,0
DA:175,0
DA:178,0
DA:179,0
DA:183,0
DA:185,0
DA:187,0
DA:189,0
DA:191,0
DA:193,0
DA:197,0
DA:199,0
DA:200,0
FNF:4
FNH:0
LF:69
LH:0
BRF:3
BRH:0
end_of_record
TN:
SF:src/zk/CommitmentPool.sol
DA:103,202
FN:103,CommitmentPool.constructor
FNDA:202,CommitmentPool.constructor
DA:104,202
DA:107,202
FN:107,CommitmentPool.initialize
FNDA:202,CommitmentPool.initialize
DA:114,200
BRDA:114,0,0,-
DA:115,200
BRDA:115,1,0,-
DA:116,200
BRDA:116,2,0,-
DA:119,200
BRDA:119,3,0,-
DA:120,200
BRDA:120,4,0,-
DA:121,200
DA:122,200
DA:123,200
DA:124,200
DA:125,200
DA:126,200
DA:127,200
DA:130,1
FN:130,CommitmentPool.renounceOwnership
FNDA:1,CommitmentPool.renounceOwnership
DA:131,1
DA:134,1
FN:134,CommitmentPool.transferOwnership
FNDA:1,CommitmentPool.transferOwnership
DA:135,1
BRDA:135,5,0,1
DA:136,0
DA:147,4
FN:147,CommitmentPool.queueSetAuthorizedSettlement
FNDA:4,CommitmentPool.queueSetAuthorizedSettlement
DA:148,4
BRDA:148,6,0,1
DA:149,3
BRDA:149,7,0,1
DA:150,2
DA:151,2
DA:152,2
DA:156,3
FN:156,CommitmentPool.activateAuthorizedSettlement
FNDA:3,CommitmentPool.activateAuthorizedSettlement
DA:157,3
BRDA:157,8,0,1
DA:158,2
BRDA:158,9,0,1
DA:159,1
DA:160,1
DA:161,1
DA:162,1
DA:166,135
FN:166,CommitmentPool.setAuthorizedSettlement
FNDA:135,CommitmentPool.setAuthorizedSettlement
DA:167,135
BRDA:167,10,0,1
DA:168,134
BRDA:168,11,0,1
DA:169,133
BRDA:169,12,0,1
DA:170,132
DA:171,132
DA:180,4
FN:180,CommitmentPool.pause
FNDA:5,CommitmentPool.pause
DA:181,1
FN:181,CommitmentPool.unpause
FNDA:2,CommitmentPool.unpause
DA:183,305
FN:183,CommitmentPool.setTokenWhitelist
FNDA:305,CommitmentPool.setTokenWhitelist
DA:184,304
BRDA:184,13,0,1
DA:185,303
DA:186,303
DA:192,33
FN:192,CommitmentPool.setSanctionsList
FNDA:33,CommitmentPool.setSanctionsList
DA:193,33
BRDA:193,14,0,1
DA:194,32
DA:195,32
DA:200,44
FN:200,CommitmentPool.notSanctioned
FNDA:44,CommitmentPool.notSanctioned
DA:201,44
DA:202,44
BRDA:202,15,0,2
DA:203,2
DA:223,45
FN:223,CommitmentPool.deposit
FNDA:45,CommitmentPool.deposit
DA:231,42
BRDA:231,16,0,1
DA:232,41
BRDA:232,17,0,-
DA:233,41
BRDA:233,18,0,1
DA:234,40
BRDA:234,19,0,1
DA:243,39
BRDA:243,20,0,1
DA:244,38
BRDA:244,21,0,1
DA:248,37
DA:253,37
BRDA:253,22,0,1
DA:254,1
DA:264,36
DA:265,36
DA:266,36
DA:267,36
BRDA:267,23,0,1
DA:270,35
DA:272,35
DA:280,37
FN:280,CommitmentPool.insertCommitment
FNDA:37,CommitmentPool.insertCommitment
DA:281,37
BRDA:281,24,0,-
DA:284,37
BRDA:284,25,0,-
DA:285,37
DA:286,37
DA:287,37
DA:297,35
FN:297,CommitmentPool.transferToSettlement
FNDA:35,CommitmentPool.transferToSettlement
DA:298,35
BRDA:298,26,0,-
DA:299,35
BRDA:299,27,0,-
DA:300,35
DA:319,5
FN:319,CommitmentPool.transferFee
FNDA:5,CommitmentPool.transferFee
DA:320,5
BRDA:320,28,0,-
DA:321,5
BRDA:321,29,0,-
DA:322,5
DA:323,5
BRDA:323,30,0,-
DA:324,5
DA:325,5
DA:348,11
FN:348,CommitmentPool.withdraw
FNDA:11,CommitmentPool.withdraw
DA:360,8
DA:366,12
FN:366,CommitmentPool.withdrawFor
FNDA:12,CommitmentPool.withdrawFor
DA:378,12
BRDA:378,31,0,1
DA:379,11
DA:383,19
FN:383,CommitmentPool._processWithdraw
FNDA:19,CommitmentPool._processWithdraw
DA:395,19
BRDA:395,32,0,-
DA:396,19
BRDA:396,33,0,-
DA:397,19
BRDA:397,34,0,1
DA:398,1
BRDA:398,35,0,1
DA:400,17
DA:402,17
DA:412,17
BRDA:412,36,0,1
DA:413,1
DA:416,16
DA:418,16
BRDA:418,37,0,1
DA:419,1
DA:420,1
DA:423,16
DA:425,16
FNF:19
FNH:19
LF:106
LH:105
BRF:38
BRH:23
end_of_record
TN:
SF:src/zk/DepositVerifier.sol
DA:65,0
FN:65,Groth16Verifier.verifyProof
FNDA:0,Groth16Verifier.verifyProof
DA:67,0
FN:67,Groth16Verifier.checkField
FNDA:0,Groth16Verifier.checkField
DA:68,0
BRDA:68,0,0,-
DA:69,0
DA:70,0
DA:75,0
FN:75,Groth16Verifier.g1_mulAccC
FNDA:0,Groth16Verifier.g1_mulAccC
DA:76,0
DA:77,0
DA:78,0
DA:79,0
DA:80,0
DA:82,0
DA:84,0
BRDA:84,1,0,-
DA:85,0
DA:86,0
DA:89,0
DA:90,0
DA:92,0
DA:94,0
BRDA:94,2,0,-
DA:95,0
DA:96,0
DA:100,0
FN:100,Groth16Verifier.checkPairing
FNDA:0,Groth16Verifier.checkPairing
DA:101,0
DA:102,0
DA:104,0
DA:105,0
DA:109,0
DA:111,0
DA:113,0
DA:117,0
DA:118,0
DA:121,0
DA:122,0
DA:123,0
DA:124,0
DA:127,0
DA:128,0
DA:131,0
DA:132,0
DA:133,0
DA:134,0
DA:137,0
DA:138,0
DA:142,0
DA:143,0
DA:144,0
DA:145,0
DA:148,0
DA:149,0
DA:152,0
DA:153,0
DA:154,0
DA:155,0
DA:158,0
DA:160,0
DA:163,0
DA:164,0
DA:168,0
DA:170,0
DA:172,0
DA:176,0
DA:178,0
DA:179,0
FNF:4
FNH:0
LF:63
LH:0
BRF:3
BRH:0
end_of_record
TN:
SF:src/zk/IncrementalMerkleTree.sol
DA:33,200
FN:33,IncrementalMerkleTree.__IncrementalMerkleTree_init
FNDA:200,IncrementalMerkleTree.__IncrementalMerkleTree_init
DA:34,200
BRDA:34,0,0,-
DA:35,200
BRDA:35,1,0,-
DA:36,200
DA:37,200
DA:42,200
DA:43,200
DA:44,4000
DA:45,4000
DA:46,4000
DA:48,200
DA:51,5460
FN:51,IncrementalMerkleTree._hashPair
FNDA:5460,IncrementalMerkleTree._hashPair
DA:52,5460
DA:57,73
FN:57,IncrementalMerkleTree._insert
FNDA:73,IncrementalMerkleTree._insert
DA:58,73
DA:59,73
DA:60,73
BRDA:60,2,0,-
DA:62,73
DA:63,73
DA:64,73
DA:65,73
DA:67,73
DA:68,1460
BRDA:68,3,0,1444
BRDA:68,3,1,16
DA:69,1444
DA:70,1444
DA:71,1444
DA:73,16
DA:74,16
DA:76,1460
DA:77,1460
DA:78,1460
DA:81,73
DA:82,73
DA:83,73
DA:84,73
DA:86,73
DA:90,69
FN:90,IncrementalMerkleTree.isKnownRoot
FNDA:69,IncrementalMerkleTree.isKnownRoot
DA:91,88
BRDA:91,4,0,-
DA:92,88
DA:93,88
DA:94,88
DA:96,267
BRDA:96,5,0,82
DA:97,185
BRDA:97,6,0,6
DA:98,185
DA:99,185
DA:100,6
DA:104,144
FN:104,IncrementalMerkleTree.getLastRoot
FNDA:144,IncrementalMerkleTree.getLastRoot
DA:105,144
DA:110,1444
FN:110,IncrementalMerkleTree._zeros
FNDA:1444,IncrementalMerkleTree._zeros
DA:111,1444
BRDA:111,7,0,58
DA:114,1386
BRDA:114,8,0,72
DA:115,1314
BRDA:115,9,0,73
DA:116,1241
BRDA:116,10,0,73
DA:117,1168
BRDA:117,11,0,73
DA:118,1095
BRDA:118,12,0,73
DA:119,1022
BRDA:119,13,0,73
DA:120,949
BRDA:120,14,0,73
DA:121,876
BRDA:121,15,0,73
DA:122,803
BRDA:122,16,0,73
DA:123,730
BRDA:123,17,0,73
DA:124,657
BRDA:124,18,0,73
DA:125,584
BRDA:125,19,0,73
DA:126,511
BRDA:126,20,0,73
DA:127,438
BRDA:127,21,0,73
DA:128,365
BRDA:128,22,0,73
DA:129,292
BRDA:129,23,0,73
DA:130,219
BRDA:130,24,0,73
DA:131,146
BRDA:131,25,0,73
DA:132,73
BRDA:132,26,0,73
DA:133,0
FNF:6
FNH:6
LF:70
LH:69
BRF:28
BRH:24
end_of_record
TN:
SF:src/zk/PrivateSettlement.sol
DA:244,161
FN:244,PrivateSettlement.constructor
FNDA:161,PrivateSettlement.constructor
DA:245,161
DA:248,161
FN:248,PrivateSettlement.initialize
FNDA:161,PrivateSettlement.initialize
DA:254,159
BRDA:254,0,0,-
DA:255,159
DA:256,0
BRDA:256,1,0,-
DA:257,159
DA:258,159
DA:259,159
DA:260,159
DA:261,159
DA:264,159
DA:265,159
DA:268,1
FN:268,PrivateSettlement.renounceOwnership
FNDA:1,PrivateSettlement.renounceOwnership
DA:272,7
FN:272,PrivateSettlement.pause
FNDA:8,PrivateSettlement.pause
DA:273,2
FN:273,PrivateSettlement.unpause
FNDA:3,PrivateSettlement.unpause
DA:274,267
FN:274,PrivateSettlement.setTokenWhitelist
FNDA:267,PrivateSettlement.setTokenWhitelist
DA:275,266
BRDA:275,2,0,1
DA:276,265
DA:281,5
FN:281,PrivateSettlement.setRelayerRegistry
FNDA:5,PrivateSettlement.setRelayerRegistry
DA:282,4
BRDA:282,3,0,1
DA:283,3
DA:284,3
DA:287,23
FN:287,PrivateSettlement.setFeeVault
FNDA:23,PrivateSettlement.setFeeVault
DA:288,22
BRDA:288,4,0,1
DA:290,21
BRDA:290,5,0,1
DA:291,1
DA:292,1
DA:294,21
DA:295,21
DA:301,116
FN:301,PrivateSettlement.setAuthorizeVerifier
FNDA:116,PrivateSettlement.setAuthorizeVerifier
DA:302,115
BRDA:302,6,0,1
DA:303,114
DA:304,114
DA:308,11
FN:308,PrivateSettlement.setCancelVerifier
FNDA:11,PrivateSettlement.setCancelVerifier
DA:309,10
BRDA:309,7,0,1
DA:310,9
DA:311,9
DA:319,30
FN:319,PrivateSettlement.setClaimVerifier
FNDA:30,PrivateSettlement.setClaimVerifier
DA:320,28
BRDA:320,8,0,2
DA:321,26
DA:322,26
DA:330,14
FN:330,PrivateSettlement.setBatchAuthorizeVerifier
FNDA:14,PrivateSettlement.setBatchAuthorizeVerifier
DA:331,12
BRDA:331,9,0,2
DA:332,10
DA:333,10
DA:338,24
FN:338,PrivateSettlement.setDexRouterWhitelist
FNDA:24,PrivateSettlement.setDexRouterWhitelist
DA:339,23
BRDA:339,10,0,-
DA:340,23
BRDA:340,11,0,-
DA:341,23
DA:342,23
DA:348,6
FN:348,PrivateSettlement.setDexPlatformFee
FNDA:6,PrivateSettlement.setDexPlatformFee
DA:349,5
BRDA:349,12,0,1
DA:350,4
BRDA:350,13,0,-
DA:351,4
DA:352,4
DA:358,33
FN:358,PrivateSettlement.setSanctionsList
FNDA:33,PrivateSettlement.setSanctionsList
DA:359,32
BRDA:359,14,0,1
DA:360,31
DA:361,31
DA:365,79
FN:365,PrivateSettlement._requireNotSanctioned
FNDA:79,PrivateSettlement._requireNotSanctioned
DA:366,79
DA:367,79
BRDA:367,15,0,2
DA:371,15
FN:371,PrivateSettlement.onlyRelayer
FNDA:15,PrivateSettlement.onlyRelayer
DA:372,15
DA:373,15
BRDA:373,16,0,-
DA:374,0
BRDA:374,17,0,-
DA:420,37
FN:420,PrivateSettlement.settleAuth
FNDA:37,PrivateSettlement.settleAuth
DA:422,36
BRDA:422,18,0,1
DA:423,35
DA:431,35
DA:432,35
BRDA:432,19,0,2
DA:433,33
DA:436,33
BRDA:436,20,0,2
DA:441,31
DA:472,20
BRDA:472,21,0,1
DA:473,19
BRDA:473,22,0,1
DA:475,1
BRDA:475,23,0,1
DA:476,0
BRDA:476,24,0,-
DA:477,0
BRDA:477,25,0,-
DA:478,0
BRDA:478,26,0,-
DA:483,17
BRDA:483,27,0,2
DA:484,15
BRDA:484,28,0,1
DA:491,14
DA:492,14
DA:494,14
DA:497,14
BRDA:497,29,0,2
BRDA:497,29,1,11
DA:498,2
DA:501,1
BRDA:501,30,0,1
DA:502,1
DA:505,12
BRDA:505,31,0,1
DA:506,1
DA:508,11
BRDA:508,32,0,-
DA:509,0
DA:514,12
DA:515,12
BRDA:515,33,0,1
DA:516,1
BRDA:516,34,0,-
DA:517,1
BRDA:517,35,0,1
DA:521,11
DA:522,11
DA:523,11
DA:524,11
DA:527,11
DA:528,11
DA:535,11
BRDA:535,36,0,11
DA:536,11
DA:538,11
BRDA:538,37,0,11
DA:539,11
DA:545,11
BRDA:545,38,0,2
DA:546,11
BRDA:546,39,0,2
DA:550,11
DA:553,10
DA:554,10
DA:556,10
DA:598,9
FN:598,PrivateSettlement.cancelPrivate
FNDA:9,PrivateSettlement.cancelPrivate
DA:599,8
BRDA:599,40,0,1
DA:603,7
BRDA:603,41,0,1
DA:607,1
BRDA:607,42,0,1
DA:608,0
BRDA:608,43,0,-
DA:611,5
BRDA:611,44,0,1
DA:614,4
BRDA:614,45,0,1
DA:617,3
DA:624,3
BRDA:624,46,0,1
DA:625,1
DA:629,2
DA:630,2
DA:635,2
DA:637,2
DA:680,19
FN:680,PrivateSettlement.settleWithDex
FNDA:19,PrivateSettlement.settleWithDex
DA:681,18
DA:684,17
DA:685,17
DA:686,17
DA:687,17
BRDA:687,47,0,-
DA:688,17
BRDA:688,48,0,2
DA:690,15
DA:693,1
BRDA:693,49,0,1
DA:694,0
BRDA:694,50,0,-
DA:697,10
BRDA:697,51,0,-
DA:700,10
DA:701,10
BRDA:701,52,0,1
DA:702,1
DA:711,9
DA:712,9
DA:715,9
DA:718,9
DA:719,9
DA:727,9
DA:728,9
DA:730,9
DA:731,9
BRDA:731,53,0,1
DA:732,1
DA:733,1
DA:734,1
BRDA:734,54,0,1
DA:735,1
DA:736,1
DA:737,1
DA:744,9
DA:746,9
DA:747,9
DA:748,9
BRDA:748,55,0,1
DA:749,8
DA:754,8
BRDA:754,56,0,8
DA:755,8
DA:756,8
BRDA:756,57,0,-
DA:757,0
DA:761,8
DA:762,8
BRDA:762,58,0,1
DA:765,7
DA:772,7
BRDA:772,59,0,7
DA:773,7
DA:774,7
BRDA:774,60,0,7
DA:775,7
DA:776,7
DA:777,7
DA:781,7
DA:790,7
FN:790,PrivateSettlement._emitSettledWithDex
FNDA:7,PrivateSettlement._emitSettledWithDex
DA:794,7
DA:832,15
FN:832,PrivateSettlement.scatterDirect
FNDA:15,PrivateSettlement.scatterDirect
DA:833,15
BRDA:833,61,0,1
DA:834,1
BRDA:834,62,0,1
DA:837,13
BRDA:837,63,0,1
DA:840,12
BRDA:840,64,0,1
DA:843,11
DA:855,11
DA:862,11
DA:865,11
BRDA:865,65,0,-
DA:867,11
DA:888,13
FN:888,PrivateSettlement.scatterDirectAuth
FNDA:13,PrivateSettlement.scatterDirectAuth
DA:889,12
DA:893,12
DA:894,12
BRDA:894,66,0,-
DA:895,12
DA:899,12
DA:902,6
DA:903,6
BRDA:903,67,0,-
DA:904,0
BRDA:904,68,0,-
DA:908,1
BRDA:908,69,0,1
DA:909,0
BRDA:909,70,0,-
DA:912,5
BRDA:912,71,0,-
DA:915,5
DA:916,5
BRDA:916,72,0,1
DA:917,1
DA:923,4
DA:924,4
DA:927,4
DA:930,4
BRDA:930,73,0,4
DA:931,4
DA:935,4
BRDA:935,74,0,1
DA:937,4
DA:939,4
DA:959,16
FN:959,PrivateSettlement.claimWithProof
FNDA:16,PrivateSettlement.claimWithProof
DA:970,15
DA:982,3
FN:982,PrivateSettlement.claimWithProofBatch
FNDA:3,PrivateSettlement.claimWithProofBatch
DA:983,2
DA:984,2
BRDA:984,75,0,1
DA:985,1
BRDA:985,76,0,1
DA:987,0
DA:988,0
DA:989,0
DA:994,0
DA:999,15
FN:999,PrivateSettlement._executeClaim
FNDA:15,PrivateSettlement._executeClaim
DA:1010,15
BRDA:1010,77,0,1
DA:1011,14
DA:1013,13
DA:1014,13
BRDA:1014,78,0,2
DA:1015,1
BRDA:1015,79,0,1
DA:1016,10
BRDA:1016,80,0,1
DA:1017,9
BRDA:1017,81,0,1
DA:1018,8
BRDA:1018,82,0,1
DA:1019,7
BRDA:1019,83,0,1
DA:1023,6
DA:1032,6
DA:1033,6
BRDA:1033,84,0,2
DA:1034,4
BRDA:1034,85,0,1
DA:1035,1
DA:1039,3
DA:1040,3
DA:1043,3
BRDA:1043,86,0,1
BRDA:1043,86,1,1
DA:1044,1
DA:1045,1
DA:1047,2
DA:1050,3
DA:1056,1
FN:1056,PrivateSettlement._routeFeeFromPool
FNDA:1,PrivateSettlement._routeFeeFromPool
DA:1057,1
DA:1061,5
FN:1061,PrivateSettlement._routeFeeFromPoolTo
FNDA:5,PrivateSettlement._routeFeeFromPoolTo
DA:1062,5
BRDA:1062,87,0,-
BRDA:1062,87,1,5
DA:1063,0
DA:1064,0
DA:1066,5
DA:1071,0
FN:1071,PrivateSettlement._routeFeeLocal
FNDA:0,PrivateSettlement._routeFeeLocal
DA:1072,0
BRDA:1072,88,0,-
BRDA:1072,88,1,-
DA:1073,0
DA:1074,0
DA:1076,0
DA:1081,3
FN:1081,PrivateSettlement.receive
FNDA:3,PrivateSettlement.receive
DA:1082,3
BRDA:1082,89,0,1
FNF:30
FNH:29
LF:257
LH:235
BRF:94
BRH:68
end_of_record
TN:
SF:src/zk/SettleVerifyLib.sol
DA:77,44
FN:77,SettleVerifyLib.packAuthSignals
FNDA:44,SettleVerifyLib.packAuthSignals
DA:82,44
DA:83,44
DA:84,44
DA:85,44
DA:86,44
DA:87,44
DA:88,44
DA:89,44
DA:90,44
DA:91,44
DA:92,44
DA:93,44
DA:94,44
DA:95,44
DA:96,44
DA:105,40
FN:105,SettleVerifyLib.validateCrossSide
FNDA:40,SettleVerifyLib.validateCrossSide
DA:113,40
BRDA:113,0,0,1
DA:114,39
BRDA:114,1,0,3
DA:117,36
BRDA:117,2,0,2
DA:118,34
BRDA:118,3,0,-
DA:121,34
BRDA:121,4,0,2
DA:122,32
BRDA:122,5,0,-
DA:125,32
DA:126,32
DA:127,32
BRDA:127,6,0,2
DA:130,30
BRDA:130,7,0,2
DA:131,2
DA:133,28
BRDA:133,8,0,1
DA:134,1
DA:142,27
BRDA:142,9,0,2
DA:143,2
DA:145,25
BRDA:145,10,0,1
DA:146,1
DA:150,24
BRDA:150,11,0,1
DA:151,23
BRDA:151,12,0,2
DA:157,24
FN:157,SettleVerifyLib.validateDexProof
FNDA:24,SettleVerifyLib.validateDexProof
DA:163,24
BRDA:163,13,0,2
DA:164,22
BRDA:164,14,0,2
DA:165,20
BRDA:165,15,0,1
DA:166,19
BRDA:166,16,0,1
DA:167,18
BRDA:167,17,0,2
DA:168,16
BRDA:168,18,0,1
DA:169,15
BRDA:169,19,0,2
DA:170,13
BRDA:170,20,0,1
DA:176,21
FN:176,SettleVerifyLib.validateScatterAuth
FNDA:21,SettleVerifyLib.validateScatterAuth
DA:182,21
BRDA:182,21,0,2
DA:183,19
BRDA:183,22,0,2
DA:184,17
BRDA:184,23,0,2
DA:185,15
BRDA:185,24,0,1
DA:186,14
BRDA:186,25,0,1
DA:187,13
BRDA:187,26,0,2
DA:188,2
DA:190,11
BRDA:190,27,0,2
DA:191,2
DA:193,9
BRDA:193,28,0,2
DA:199,15
FN:199,SettleVerifyLib.requireDistinctClaimsRoots
FNDA:15,SettleVerifyLib.requireDistinctClaimsRoots
DA:205,15
BRDA:205,29,0,2
DA:211,35
FN:211,SettleVerifyLib.maybeInsertCommitment
FNDA:35,SettleVerifyLib.maybeInsertCommitment
DA:212,35
BRDA:212,30,0,34
DA:213,34
DA:219,42
FN:219,SettleVerifyLib.registerClaimsGroup
FNDA:42,SettleVerifyLib.registerClaimsGroup
DA:226,42
BRDA:226,31,0,-
DA:227,42
FNF:7
FNH:7
LF:64
LH:64
BRF:32
BRH:29
end_of_record
TN:
SF:src/zk/WithdrawVerifier.sol
DA:77,0
FN:77,Groth16Verifier.verifyProof
FNDA:0,Groth16Verifier.verifyProof
DA:79,0
FN:79,Groth16Verifier.checkField
FNDA:0,Groth16Verifier.checkField
DA:80,0
BRDA:80,0,0,-
DA:81,0
DA:82,0
DA:87,0
FN:87,Groth16Verifier.g1_mulAccC
FNDA:0,Groth16Verifier.g1_mulAccC
DA:88,0
DA:89,0
DA:90,0
DA:91,0
DA:92,0
DA:94,0
DA:96,0
BRDA:96,1,0,-
DA:97,0
DA:98,0
DA:101,0
DA:102,0
DA:104,0
DA:106,0
BRDA:106,2,0,-
DA:107,0
DA:108,0
DA:112,0
FN:112,Groth16Verifier.checkPairing
FNDA:0,Groth16Verifier.checkPairing
DA:113,0
DA:114,0
DA:116,0
DA:117,0
DA:121,0
DA:123,0
DA:125,0
DA:127,0
DA:129,0
DA:131,0
DA:133,0
DA:137,0
DA:138,0
DA:141,0
DA:142,0
DA:143,0
DA:144,0
DA:147,0
DA:148,0
DA:151,0
DA:152,0
DA:153,0
DA:154,0
DA:157,0
DA:158,0
DA:162,0
DA:163,0
DA:164,0
DA:165,0
DA:168,0
DA:169,0
DA:172,0
DA:173,0
DA:174,0
DA:175,0
DA:178,0
DA:180,0
DA:183,0
DA:184,0
DA:188,0
DA:190,0
DA:192,0
DA:194,0
DA:196,0
DA:198,0
DA:200,0
DA:204,0
DA:206,0
DA:207,0
FNF:4
FNH:0
LF:71
LH:0
BRF:3
BRH:0
end_of_record
TN:
SF:test/BatchExecutor.t.sol
DA:12,4
FN:12,Sink.ping
FNDA:4,Sink.ping
DA:13,4
DA:14,4
DA:15,4
DA:18,1
FN:18,Sink.alwaysRevert
FNDA:1,Sink.alwaysRevert
DA:19,1
FNF:2
FNH:2
LF:6
LH:6
BRF:0
BRH:0
end_of_record
TN:
SF:test/CommitmentPool.t.sol
DA:14,73
FN:14,MockToken.mint
FNDA:73,MockToken.mint
FNF:1
FNH:1
LF:1
LH:1
BRF:0
BRH:0
end_of_record
TN:
SF:test/FeeVaultPlatformRevenue.t.sol
DA:11,17
FN:11,MockERC20.mint.0
FNDA:17,MockERC20.mint.0
DA:22,1
FN:22,ReentrantToken.setup
FNDA:1,ReentrantToken.setup
DA:23,1
FN:23,ReentrantToken.mint.1
FNDA:1,ReentrantToken.mint.1
DA:24,1
FN:24,ReentrantToken.arm
FNDA:1,ReentrantToken.arm
DA:26,1
FN:26,ReentrantToken.transfer
FNDA:1,ReentrantToken.transfer
DA:27,1
BRDA:27,0,0,1
DA:28,1
DA:29,1
DA:31,0
FNF:5
FNH:5
LF:9
LH:8
BRF:1
BRH:1
end_of_record
TN:
SF:test/FeeVaultTimelock.t.sol
DA:11,16
FN:11,MockERC20.mint
FNDA:16,MockERC20.mint
FNF:1
FNH:1
LF:1
LH:1
BRF:0
BRH:0
end_of_record
TN:
SF:test/IdentityGate.t.sol
DA:15,68
FN:15,RealisticIdentityRegistry.setVerifiedUntil
FNDA:68,RealisticIdentityRegistry.setVerifiedUntil
DA:16,68
DA:19,3
FN:19,RealisticIdentityRegistry.setPaused
FNDA:3,RealisticIdentityRegistry.setPaused
DA:20,3
DA:23,17
FN:23,RealisticIdentityRegistry.isVerified
FNDA:17,RealisticIdentityRegistry.isVerified
DA:24,17
DA:27,4
FN:27,RealisticIdentityRegistry.verifiedUntil
FNDA:4,RealisticIdentityRegistry.verifiedUntil
DA:28,4
DA:31,3
FN:31,RealisticIdentityRegistry.paused
FNDA:3,RealisticIdentityRegistry.paused
DA:32,3
FNF:5
FNH:5
LF:10
LH:10
BRF:0
BRH:0
end_of_record
TN:
SF:test/PoolDrainExploit.t.sol
DA:13,6
FN:13,MockTokenDrain.mint.0
FNDA:6,MockTokenDrain.mint.0
DA:19,1
FN:19,MockFeeOnTransferToken.mint.1
FNDA:1,MockFeeOnTransferToken.mint.1
DA:20,2
FN:20,MockFeeOnTransferToken._update
FNDA:2,MockFeeOnTransferToken._update
DA:21,2
BRDA:21,0,0,1
BRDA:21,0,1,1
DA:22,1
DA:23,1
DA:24,1
DA:26,1
FNF:3
FNH:3
LF:8
LH:8
BRF:2
BRH:2
end_of_record
TN:
SF:test/PrivateSettlementAdmin.t.sol
DA:18,0
FN:18,PsToken.mint
FNDA:0,PsToken.mint
FNF:1
FNH:0
LF:1
LH:0
BRF:0
BRH:0
end_of_record
TN:
SF:test/PrivateSettlementClaimGuards.t.sol
DA:16,30
FN:16,PscToken.mint
FNDA:30,PscToken.mint
FNF:1
FNH:1
LF:1
LH:1
BRF:0
BRH:0
end_of_record
TN:
SF:test/PrivateSettlementGuards.t.sol
DA:18,0
FN:18,PsgToken.mint
FNDA:0,PsgToken.mint
FNF:1
FNH:0
LF:1
LH:0
BRF:0
BRH:0
end_of_record
TN:
SF:test/RelayerRegistry.t.sol
DA:312,1
FN:312,ReentrantRelayer.constructor
FNDA:1,ReentrantRelayer.constructor
DA:313,1
DA:314,1
DA:315,1
DA:318,1
FN:318,ReentrantRelayer.registerAndRequestExit
FNDA:1,ReentrantRelayer.registerAndRequestExit
DA:319,1
DA:320,1
DA:323,1
FN:323,ReentrantRelayer.attack
FNDA:1,ReentrantRelayer.attack
DA:324,1
DA:325,1
DA:328,1
FN:328,ReentrantRelayer.receive
FNDA:1,ReentrantRelayer.receive
DA:329,1
BRDA:329,0,0,1
DA:330,1
DA:332,1
DA:343,7
FN:343,MockTON.mint
FNDA:7,MockTON.mint
FNF:5
FNH:5
LF:15
LH:15
BRF:1
BRH:1
end_of_record
TN:
SF:test/SanctionsList.t.sol
DA:20,59
FN:20,SLToken.mint
FNDA:59,SLToken.mint
DA:28,3
FN:28,MockOracle.flag
FNDA:3,MockOracle.flag
DA:29,5
FN:29,MockOracle.isSanctioned.0
FNDA:5,MockOracle.isSanctioned.0
DA:36,1
FN:36,RevertingOracle.isSanctioned.1
FNDA:1,RevertingOracle.isSanctioned.1
DA:37,1
FNF:4
FNH:4
LF:5
LH:5
BRF:0
BRH:0
end_of_record
TN:
SF:test/SettleAuth.t.sol
DA:23,56
FN:23,SAToken.mint
FNDA:56,SAToken.mint
FNF:1
FNH:1
LF:1
LH:1
BRF:0
BRH:0
end_of_record
TN:
SF:test/SettleVerifyLib.t.sol
DA:14,62
FN:14,SVLHarness.setWhitelist
FNDA:62,SVLHarness.setWhitelist
DA:16,9
FN:16,SVLHarness.callValidateCrossSide
FNDA:9,SVLHarness.callValidateCrossSide
DA:22,9
DA:25,9
FN:25,SVLHarness.callValidateDexProof
FNDA:9,SVLHarness.callValidateDexProof
DA:30,9
DA:33,9
FN:33,SVLHarness.callValidateScatterAuth
FNDA:9,SVLHarness.callValidateScatterAuth
DA:38,9
DA:41,4
FN:41,SVLHarness.callRequireDistinctClaimsRoots
FNDA:4,SVLHarness.callRequireDistinctClaimsRoots
DA:47,4
DA:50,1
FN:50,SVLHarness.callPackAuthSignals
FNDA:1,SVLHarness.callPackAuthSignals
DA:55,1
FNF:6
FNH:6
LF:11
LH:11
BRF:0
BRH:0
end_of_record
TN:
SF:test/SettleWithDex.t.sol
DA:21,19
FN:21,SDToken.mint
FNDA:19,SDToken.mint
DA:31,20
FN:31,MockDexRouter.setExchangeRate
FNDA:20,MockDexRouter.setExchangeRate
DA:32,20
DA:35,1
FN:35,MockDexRouter.setShouldRevert
FNDA:1,MockDexRouter.setShouldRevert
DA:36,1
DA:40,9
FN:40,MockDexRouter.swap
FNDA:9,MockDexRouter.swap
DA:41,9
BRDA:41,0,0,1
BRDA:41,0,1,8
DA:42,8
DA:43,8
DA:44,8
FNF:4
FNH:4
LF:10
LH:10
BRF:2
BRH:2
end_of_record
TN:
SF:test/TrackCBranchCoverage.t.sol
DA:16,0
FN:16,AlwaysVerified.setPaused
FNDA:0,AlwaysVerified.setPaused
DA:17,0
FN:17,AlwaysVerified.paused
FNDA:0,AlwaysVerified.paused
DA:18,0
FN:18,AlwaysVerified.isVerified
FNDA:0,AlwaysVerified.isVerified
DA:19,0
FN:19,AlwaysVerified.verifiedUntil
FNDA:0,AlwaysVerified.verifiedUntil
DA:102,1
FN:102,TransparentLikeProxy.constructor
FNDA:1,TransparentLikeProxy.constructor
DA:103,1
DA:104,1
BRDA:104,0,0,1
DA:105,1
FNF:5
FNH:1
LF:8
LH:4
BRF:1
BRH:1
end_of_record
TN:
SF:test/mocks/MockAuthorizeVerifier.sol
DA:18,4
FN:18,MockAuthorizeVerifier.setShouldPass
FNDA:4,MockAuthorizeVerifier.setShouldPass
DA:19,4
DA:22,0
FN:22,MockAuthorizeVerifier.setEnforceRelayer
FNDA:0,MockAuthorizeVerifier.setEnforceRelayer
DA:23,0
DA:24,0
DA:27,38
FN:27,MockAuthorizeVerifier.verifyProof
FNDA:38,MockAuthorizeVerifier.verifyProof
DA:33,38
BRDA:33,0,0,3
DA:34,0
BRDA:34,1,0,-
DA:37,0
BRDA:37,2,0,-
DA:39,35
FNF:3
FNH:2
LF:10
LH:5
BRF:3
BRH:1
end_of_record
TN:
SF:test/mocks/MockBatchAuthorizeVerifier.sol
DA:11,1
FN:11,MockBatchAuthorizeVerifier.setShouldPass
FNDA:1,MockBatchAuthorizeVerifier.setShouldPass
DA:12,1
DA:15,2
FN:15,MockBatchAuthorizeVerifier.verifyBatchProof
FNDA:2,MockBatchAuthorizeVerifier.verifyBatchProof
DA:19,2
FNF:2
FNH:2
LF:4
LH:4
BRF:0
BRH:0
end_of_record
TN:
SF:test/mocks/MockCancelVerifier.sol
DA:9,1
FN:9,MockCancelVerifier.setShouldPass
FNDA:1,MockCancelVerifier.setShouldPass
DA:11,3
FN:11,MockCancelVerifier.verifyProof
FNDA:3,MockCancelVerifier.verifyProof
DA:14,3
FNF:2
FNH:2
LF:3
LH:3
BRF:0
BRH:0
end_of_record
TN:
SF:test/mocks/MockClaimVerifier.sol
DA:11,1
FN:11,MockClaimVerifier.setShouldPass
FNDA:1,MockClaimVerifier.setShouldPass
DA:18,0
FN:18,MockClaimVerifier.setEnforceRecipient
FNDA:0,MockClaimVerifier.setEnforceRecipient
DA:19,0
DA:20,0
DA:23,4
FN:23,MockClaimVerifier.verifyProof
FNDA:4,MockClaimVerifier.verifyProof
DA:26,4
BRDA:26,0,0,1
DA:27,0
BRDA:27,1,0,-
DA:29,0
BRDA:29,2,0,-
DA:31,3
FNF:3
FNH:2
LF:9
LH:4
BRF:3
BRH:1
end_of_record
TN:
SF:test/mocks/MockDepositVerifier.sol
DA:11,1
FN:11,MockDepositVerifier.setShouldPass
FNDA:1,MockDepositVerifier.setShouldPass
DA:12,1
DA:15,37
FN:15,MockDepositVerifier.verifyProof
FNDA:37,MockDepositVerifier.verifyProof
DA:21,37
FNF:2
FNH:2
LF:4
LH:4
BRF:0
BRH:0
end_of_record
TN:
SF:test/mocks/MockIdentityRegistry.sol
DA:10,69
FN:10,MockIdentityRegistry.setVerified
FNDA:69,MockIdentityRegistry.setVerified
DA:11,69
DA:14,27
FN:14,MockIdentityRegistry.isVerified
FNDA:27,MockIdentityRegistry.isVerified
DA:15,27
DA:18,0
FN:18,MockIdentityRegistry.verifiedUntil
FNDA:0,MockIdentityRegistry.verifiedUntil
DA:19,0
DA:22,0
FN:22,MockIdentityRegistry.paused
FNDA:0,MockIdentityRegistry.paused
DA:23,0
FNF:4
FNH:2
LF:8
LH:4
BRF:0
BRH:0
end_of_record
TN:
SF:test/mocks/MockVerifier.sol
DA:10,1
FN:10,MockVerifier.setShouldPass
FNDA:1,MockVerifier.setShouldPass
DA:11,1
DA:14,17
FN:14,MockVerifier.verifyProof
FNDA:17,MockVerifier.verifyProof
DA:20,17
FNF:2
FNH:2
LF:4
LH:4
BRF:0
BRH:0
end_of_record
TN:
SF:test/mocks/MockWETH.sol
DA:10,117
FN:10,MockWETH.deposit
FNDA:117,MockWETH.deposit
DA:11,117
DA:14,1
FN:14,MockWETH.withdraw
FNDA:1,MockWETH.withdraw
DA:15,1
DA:16,1
DA:17,1
BRDA:17,0,0,-
BRDA:17,0,1,1
DA:20,0
FN:20,MockWETH.receive
FNDA:0,MockWETH.receive
DA:21,0
FNF:3
FNH:2
LF:8
LH:6
BRF:2
BRH:1
end_of_record
TN:
SF:test/upgrade/UpgradeHelper.sol
DA:16,7
FN:16,UpgradeHelper.getProxyAdmin
FNDA:7,UpgradeHelper.getProxyAdmin
DA:17,7
DA:23,6
FN:23,UpgradeHelper.upgrade
FNDA:6,UpgradeHelper.upgrade
DA:24,6
DA:29,7
FN:29,UpgradeHelper.upgradeAndCall
FNDA:7,UpgradeHelper.upgradeAndCall
DA:30,7
DA:31,7
DA:32,7
FNF:3
FNH:3
LF:8
LH:8
BRF:0
BRH:0
end_of_record
TN:
SF:test/upgrade/V2Mocks.sol
DA:32,1
FN:32,FeeVaultV2.v2_setCounter.0
FNDA:1,FeeVaultV2.v2_setCounter.0
DA:37,2
FN:37,FeeVaultV2.reinitializeV2
FNDA:2,FeeVaultV2.reinitializeV2
DA:38,1
DA:45,1
FN:45,SanctionsListV2.v2_setCounter.1
FNDA:1,SanctionsListV2.v2_setCounter.1
DA:51,1
FN:51,IdentityGateV2.v2_setCounter.2
FNDA:1,IdentityGateV2.v2_setCounter.2
DA:57,1
FN:57,RelayerRegistryV2.v2_setCounter.3
FNDA:1,RelayerRegistryV2.v2_setCounter.3
DA:63,1
FN:63,CommitmentPoolV2.v2_setCounter.4
FNDA:1,CommitmentPoolV2.v2_setCounter.4
DA:69,1
FN:69,PrivateSettlementV2.v2_setCounter.5
FNDA:1,PrivateSettlementV2.v2_setCounter.5
FNF:7
FNH:7
LF:8
LH:8
BRF:0
BRH:0
end_of_record
TN:
SF:test/utils/ProxyDeployer.sol
DA:19,62
FN:19,ProxyDeployer.deployFeeVault
FNDA:62,ProxyDeployer.deployFeeVault
DA:23,62
DA:24,62
DA:25,62
DA:26,62
DA:29,31
FN:29,ProxyDeployer.deploySanctionsList
FNDA:31,ProxyDeployer.deploySanctionsList
DA:30,31
DA:31,31
DA:32,31
DA:33,31
DA:36,26
FN:36,ProxyDeployer.deployIdentityGate
FNDA:26,ProxyDeployer.deployIdentityGate
DA:40,26
DA:41,26
DA:42,26
DA:43,26
DA:46,42
FN:46,ProxyDeployer.deployRelayerRegistry
FNDA:42,ProxyDeployer.deployRelayerRegistry
DA:53,42
DA:54,42
DA:55,42
DA:56,42
DA:57,42
DA:60,200
FN:60,ProxyDeployer.deployCommitmentPool
FNDA:200,ProxyDeployer.deployCommitmentPool
DA:68,200
DA:69,200
DA:73,200
DA:74,200
DA:77,159
FN:77,ProxyDeployer.deployPrivateSettlement
FNDA:159,ProxyDeployer.deployPrivateSettlement
DA:84,159
DA:85,159
DA:86,159
DA:87,159
DA:88,159
FNF:6
FNH:6
LF:32
LH:32
BRF:0
BRH:0
end_of_record
